DEB [20161224-16:14:09.373] thr=1   paramiko.transport: starting thread (client mode): 0x8e775310L
INF [20161224-16:14:09.382] thr=1   paramiko.transport: Connected (version 2.0, client OpenSSH_6.6.1p1)
DEB [20161224-16:14:09.383] thr=1   paramiko.transport: kex algos:['curve25519-sha256@libssh.org', 'ecdh-sha2-nistp256', 'ecdh-sha2-nistp384', 'ecdh-sha2-nistp521', 'diffie-hellman-group-exchange-sha256', 'diffie-hellman-group-exchange-sha1', 'diffie-hellman-group14-sha1', 'diffie-hellman-group1-sha1'] server key:['ssh-rsa', 'ssh-dss', 'ecdsa-sha2-nistp256', 'ssh-ed25519'] client encrypt:['aes128-ctr', 'aes192-ctr', 'aes256-ctr', 'arcfour256', 'arcfour128', 'aes128-gcm@openssh.com', 'aes256-gcm@openssh.com', 'chacha20-poly1305@openssh.com', 'aes128-cbc', '3des-cbc', 'blowfish-cbc', 'cast128-cbc', 'aes192-cbc', 'aes256-cbc', 'arcfour', 'rijndael-cbc@lysator.liu.se'] server encrypt:['aes128-ctr', 'aes192-ctr', 'aes256-ctr', 'arcfour256', 'arcfour128', 'aes128-gcm@openssh.com', 'aes256-gcm@openssh.com', 'chacha20-poly1305@openssh.com', 'aes128-cbc', '3des-cbc', 'blowfish-cbc', 'cast128-cbc', 'aes192-cbc', 'aes256-cbc', 'arcfour', 'rijndael-cbc@lysator.liu.se'] client mac:['hmac-md5-etm@openssh.com', 'hmac-sha1-etm@openssh.com', 'umac-64-etm@openssh.com', 'umac-128-etm@openssh.com', 'hmac-sha2-256-etm@openssh.com', 'hmac-sha2-512-etm@openssh.com', 'hmac-ripemd160-etm@openssh.com', 'hmac-sha1-96-etm@openssh.com', 'hmac-md5-96-etm@openssh.com', 'hmac-md5', 'hmac-sha1', 'umac-64@openssh.com', 'umac-128@openssh.com', 'hmac-sha2-256', 'hmac-sha2-512', 'hmac-ripemd160', 'hmac-ripemd160@openssh.com', 'hmac-sha1-96', 'hmac-md5-96'] server mac:['hmac-md5-etm@openssh.com', 'hmac-sha1-etm@openssh.com', 'umac-64-etm@openssh.com', 'umac-128-etm@openssh.com', 'hmac-sha2-256-etm@openssh.com', 'hmac-sha2-512-etm@openssh.com', 'hmac-ripemd160-etm@openssh.com', 'hmac-sha1-96-etm@openssh.com', 'hmac-md5-96-etm@openssh.com', 'hmac-md5', 'hmac-sha1', 'umac-64@openssh.com', 'umac-128@openssh.com', 'hmac-sha2-256', 'hmac-sha2-512', 'hmac-ripemd160', 'hmac-ripemd160@openssh.com', 'hmac-sha1-96', 'hmac-md5-96'] client compress:['none', 'zlib@openssh.com'] server compress:['none', 'zlib@openssh.com'] client lang:[''] server lang:[''] kex follows?False
DEB [20161224-16:14:09.384] thr=1   paramiko.transport: Ciphers agreed: local=aes128-ctr, remote=aes128-ctr
DEB [20161224-16:14:09.384] thr=1   paramiko.transport: using kex diffie-hellman-group1-sha1; server key type ssh-rsa; cipher: local aes128-ctr, remote aes128-ctr; mac: local hmac-sha1, remote hmac-sha1; compression: local none, remote none
DEB [20161224-16:14:09.410] thr=1   paramiko.transport: Switch to new keys ...
DEB [20161224-16:14:09.443] thr=2   paramiko.transport: Adding ssh-rsa host key for 192.168.1.7: ecebb5c9bb63bedb54c413b4c45aff9f
DEB [20161224-16:14:09.445] thr=2   paramiko.transport: Trying SSH agent key f097b99ab49b626f5000419246ffacfe
DEB [20161224-16:14:09.449] thr=1   paramiko.transport: userauth is OK
INF [20161224-16:14:09.461] thr=1   paramiko.transport: Authentication (publickey) failed.
DEB [20161224-16:14:09.477] thr=2   paramiko.transport: Trying SSH agent key 212e6b18aa10f4e22ea90b75e7e7619a
DEB [20161224-16:14:09.478] thr=1   paramiko.transport: userauth is OK
INF [20161224-16:14:09.488] thr=1   paramiko.transport: Authentication (publickey) failed.
DEB [20161224-16:14:09.494] thr=2   paramiko.transport: Trying discovered key 212e6b18aa10f4e22ea90b75e7e7619a in /home/shgy/.ssh/id_rsa
DEB [20161224-16:14:09.495] thr=1   paramiko.transport: userauth is OK
INF [20161224-16:14:09.555] thr=1   paramiko.transport: Authentication (publickey) failed.
DEB [20161224-16:14:09.557] thr=2   paramiko.transport: Trying discovered key f097b99ab49b626f5000419246ffacfe in /home/shgy/.ssh/id_dsa
DEB [20161224-16:14:09.557] thr=1   paramiko.transport: userauth is OK
INF [20161224-16:14:09.559] thr=1   paramiko.transport: Authentication (publickey) failed.
DEB [20161224-16:14:09.561] thr=1   paramiko.transport: userauth is OK
INF [20161224-16:14:09.624] thr=1   paramiko.transport: Authentication (password) successful!
DEB [20161224-16:14:09.661] thr=2   paramiko.transport: [chan 1] Max packet in: 34816 bytes
DEB [20161224-16:14:09.874] thr=1   paramiko.transport: [chan 1] Max packet out: 32768 bytes
INF [20161224-16:14:09.874] thr=1   paramiko.transport: Secsh channel 1 opened.
DEB [20161224-16:14:09.878] thr=1   paramiko.transport: [chan 1] Sesch channel 1 request ok
DEB [20161224-16:14:09.886] thr=1   paramiko.transport: [chan 1] EOF received (1)
DEB [20161224-16:14:09.886] thr=1   paramiko.transport: EOF in transport thread
